  Historique.cpp
  Menu.cpp
c:\users\guiro\source\repos\sfml_2\sfml_2\tortle.h(24): warning C4244: 'return' : conversion de 'int' en 'float', perte possible de données
c:\users\guiro\source\repos\sfml_2\sfml_2\tortle.h(31): warning C4244: 'argument' : conversion de 'int' en 'float', perte possible de données
c:\users\guiro\source\repos\sfml_2\sfml_2\tortle.h(32): warning C4244: 'argument' : conversion de 'int' en 'float', perte possible de données
c:\users\guiro\source\repos\sfml_2\sfml_2\menu.cpp(24): warning C4305: 'argument' : troncation de 'double' à 'float'
c:\users\guiro\source\repos\sfml_2\sfml_2\menu.cpp(29): warning C4305: 'argument' : troncation de 'double' à 'float'
c:\users\guiro\source\repos\sfml_2\sfml_2\menu.cpp(34): warning C4305: 'argument' : troncation de 'double' à 'float'
c:\users\guiro\source\repos\sfml_2\sfml_2\menu.cpp(39): warning C4305: 'argument' : troncation de 'double' à 'float'
c:\users\guiro\source\repos\sfml_2\sfml_2\menu.cpp(44): warning C4305: 'argument' : troncation de 'double' à 'float'
c:\users\guiro\source\repos\sfml_2\sfml_2\menu.cpp(69): warning C4018: '<' : incompatibilité signed/unsigned
c:\users\guiro\source\repos\sfml_2\sfml_2\menu.cpp(112): warning C4018: '<' : incompatibilité signed/unsigned
c:\users\guiro\source\repos\sfml_2\sfml_2\menu.cpp(142): warning C4018: '<' : incompatibilité signed/unsigned
c:\users\guiro\source\repos\sfml_2\sfml_2\menu.cpp(163): warning C4244: 'argument' : conversion de 'int' en 'float', perte possible de données
c:\users\guiro\source\repos\sfml_2\sfml_2\menu.cpp(190): warning C4244: 'argument' : conversion de 'int' en 'float', perte possible de données
c:\users\guiro\source\repos\sfml_2\sfml_2\menu.cpp(193): warning C4244: 'argument' : conversion de 'int' en 'float', perte possible de données
c:\users\guiro\source\repos\sfml_2\sfml_2\menu.cpp(196): warning C4244: 'argument' : conversion de 'int' en 'float', perte possible de données
c:\users\guiro\source\repos\sfml_2\sfml_2\menu.cpp(199): warning C4244: 'argument' : conversion de 'int' en 'float', perte possible de données
c:\users\guiro\source\repos\sfml_2\sfml_2\menu.cpp(202): warning C4244: 'argument' : conversion de 'int' en 'float', perte possible de données
c:\users\guiro\source\repos\sfml_2\sfml_2\menu.cpp(205): warning C4244: 'argument' : conversion de 'int' en 'float', perte possible de données
c:\users\guiro\source\repos\sfml_2\sfml_2\menu.cpp(208): warning C4244: 'argument' : conversion de 'int' en 'float', perte possible de données
c:\users\guiro\source\repos\sfml_2\sfml_2\menu.cpp(211): warning C4244: 'argument' : conversion de 'int' en 'float', perte possible de données
c:\users\guiro\source\repos\sfml_2\sfml_2\menu.cpp(214): warning C4244: 'argument' : conversion de 'int' en 'float', perte possible de données
c:\users\guiro\source\repos\sfml_2\sfml_2\menu.cpp(217): warning C4244: 'argument' : conversion de 'int' en 'float', perte possible de données
c:\users\guiro\source\repos\sfml_2\sfml_2\menu.cpp(263): warning C4018: '<' : incompatibilité signed/unsigned
c:\users\guiro\source\repos\sfml_2\sfml_2\menu.cpp(286): warning C4018: '<' : incompatibilité signed/unsigned
c:\users\guiro\source\repos\sfml_2\sfml_2\menu.cpp(347): warning C4244: 'argument' : conversion de 'int' en 'T', perte possible de données
          with
          [
              T=float
          ]
c:\users\guiro\source\repos\sfml_2\sfml_2\menu.cpp(376): warning C4244: 'argument' : conversion de 'int' en 'T', perte possible de données
          with
          [
              T=float
          ]
c:\users\guiro\source\repos\sfml_2\sfml_2\menu.cpp(424): warning C4018: '<' : incompatibilité signed/unsigned
c:\users\guiro\source\repos\sfml_2\sfml_2\menu.cpp(428): warning C4018: '<' : incompatibilité signed/unsigned
  Génération de code en cours...
c:\users\guiro\source\repos\sfml_2\sfml_2\menu.cpp(437): warning C4715: 'Menu::Update' : les chemins de contrôle ne retournent pas tous une valeur
  SFML_2.vcxproj -> C:\Users\guiro\source\repos\SFML_2\Debug\SFML_2.exe
